<?xml version="1.0" encoding="UTF-8" ?>
<testsuite errors="0" failures="1" hostname="bart.cs.ucsb.edu" name="IngredientDbTester" tests="7" time="0.259" timestamp="2012-02-21T20:03:31">
  <properties>
    <property name="java.vendor" value="Sun Microsystems Inc." />
    <property name="sun.java.launcher" value="SUN_STANDARD" />
    <property name="sun.management.compiler" value="HotSpot Tiered Compilers" />
    <property name="dist" value="/cs/student/jkfett/MealCraft/dist" />
    <property name="lib" value="/cs/student/jkfett/MealCraft/lib" />
    <property name="os.name" value="Linux" />
    <property name="sun.boot.class.path" value="/usr/lib/jvm/java-1.6.0-openjdk-1.6.0.0/jre/lib/resources.jar:/usr/lib/jvm/java-1.6.0-openjdk-1.6.0.0/jre/lib/rt.jar:/usr/lib/jvm/java-1.6.0-openjdk-1.6.0.0/jre/lib/sunrsasign.jar:/usr/lib/jvm/java-1.6.0-openjdk-1.6.0.0/jre/lib/jsse.jar:/usr/lib/jvm/java-1.6.0-openjdk-1.6.0.0/jre/lib/jce.jar:/usr/lib/jvm/java-1.6.0-openjdk-1.6.0.0/jre/lib/charsets.jar:/usr/lib/jvm/java-1.6.0-openjdk-1.6.0.0/jre/lib/netx.jar:/usr/lib/jvm/java-1.6.0-openjdk-1.6.0.0/jre/lib/plugin.jar:/usr/lib/jvm/java-1.6.0-openjdk-1.6.0.0/jre/lib/rhino.jar:/usr/lib/jvm/java-1.6.0-openjdk-1.6.0.0/jre/lib/modules/jdk.boot.jar:/usr/lib/jvm/java-1.6.0-openjdk-1.6.0.0/jre/classes" />
    <property name="TODAY" value="February 21 2012" />
    <property name="sun.desktop" value="gnome" />
    <property name="java.vm.specification.vendor" value="Sun Microsystems Inc." />
    <property name="ant.home" value="/usr/share/ant" />
    <property name="java.runtime.version" value="1.6.0_24-b24" />
    <property name="ant.file.SampleJUnitTests" value="/cs/student/jkfett/MealCraft/build.xml" />
    <property name="user.name" value="jkfett" />
    <property name="reports" value="/cs/student/jkfett/MealCraft/reports" />
    <property name="user.language" value="en" />
    <property name="build" value="/cs/student/jkfett/MealCraft/bin" />
    <property name="sun.boot.library.path" value="/usr/lib/jvm/java-1.6.0-openjdk-1.6.0.0/jre/lib/i386" />
    <property name="ant.project.default-target" value="dist" />
    <property name="ant.project.name" value="SampleJUnitTests" />
    <property name="DSTAMP" value="20120221" />
    <property name="java.version" value="1.6.0_24" />
    <property name="user.timezone" value="" />
    <property name="sun.arch.data.model" value="32" />
    <property name="java.endorsed.dirs" value="/usr/lib/jvm/java-1.6.0-openjdk-1.6.0.0/jre/lib/endorsed" />
    <property name="sun.cpu.isalist" value="" />
    <property name="sun.jnu.encoding" value="UTF-8" />
    <property name="file.encoding.pkg" value="sun.io" />
    <property name="file.separator" value="/" />
    <property name="java.specification.name" value="Java Platform API Specification" />
    <property name="java.class.version" value="50.0" />
    <property name="src" value="/cs/student/jkfett/MealCraft/src" />
    <property name="ant.file.type.SampleJUnitTests" value="file" />
    <property name="user.country" value="US" />
    <property name="java.home" value="/usr/lib/jvm/java-1.6.0-openjdk-1.6.0.0/jre" />
    <property name="java.vm.info" value="mixed mode" />
    <property name="main-class" value="Brain" />
    <property name="ant.file" value="/cs/student/jkfett/MealCraft/build.xml" />
    <property name="os.version" value="3.2.5-3.fc16.i686.PAE" />
    <property name="res" value="/cs/student/jkfett/MealCraft/res" />
    <property name="project_name" value="MealCraft" />
    <property name="path.separator" value=":" />
    <property name="java.vm.version" value="20.0-b12" />
    <property name="ant.library.dir" value="/usr/share/ant/lib" />
    <property name="java.awt.printerjob" value="sun.print.PSPrinterJob" />
    <property name="sun.io.unicode.encoding" value="UnicodeLittle" />
    <property name="user.home" value="/cs/student/jkfett" />
    <property name="java.specification.vendor" value="Sun Microsystems Inc." />
    <property name="java.library.path" value="/usr/lib/jvm/java-1.6.0-openjdk-1.6.0.0/jre/lib/i386/server:/usr/lib/jvm/java-1.6.0-openjdk-1.6.0.0/jre/lib/i386:/usr/lib/jvm/java-1.6.0-openjdk-1.6.0.0/jre/../lib/i386:/usr/lib/mpich2/lib:/usr/java/packages/lib/i386:/lib:/usr/lib" />
    <property name="java.vendor.url" value="http://java.sun.com/" />
    <property name="java.vm.vendor" value="Sun Microsystems Inc." />
    <property name="java.runtime.name" value="OpenJDK Runtime Environment" />
    <property name="sun.java.command" value="org.apache.tools.ant.taskdefs.optional.junit.JUnitTestRunner IngredientDbTester filtertrace=true haltOnError=false haltOnFailure=false formatter=org.apache.tools.ant.taskdefs.optional.junit.SummaryJUnitResultFormatter showoutput=true outputtoformatters=true logfailedtests=true logtestlistenerevents=false formatter=org.apache.tools.ant.taskdefs.optional.junit.XMLJUnitResultFormatter,/cs/student/jkfett/MealCraft/reports/raw/TEST-IngredientDbTester.xml crashfile=/cs/student/jkfett/MealCraft/junitvmwatcher2026823487930850271.properties propsfile=/cs/student/jkfett/MealCraft/junit5936757004597567436.properties" />
    <property name="java.class.path" value="/cs/student/jkfett/MealCraft/bin:/cs/student/jkfett/MealCraft/lib/junit-4.10.jar:/cs/student/jkfett/MealCraft/lib/sqlitejdbc-v056.jar:/usr/share/java/junit4-4.8.2.jar:/usr/share/java/ant-launcher.jar:/usr/share/java/ant.jar:/usr/share/java/ant/ant-junit.jar" />
    <property name="ant.version" value="Apache Ant(TM) version 1.8.2 compiled on July 6 2011" />
    <property name="jar_name" value="MealCraft.jar" />
    <property name="TSTAMP" value="1203" />
    <property name="war_name" value="MealCraft.war" />
    <property name="java.vm.specification.name" value="Java Virtual Machine Specification" />
    <property name="ant.file.type" value="file" />
    <property name="java.vm.specification.version" value="1.0" />
    <property name="sun.cpu.endian" value="little" />
    <property name="sun.os.patch.level" value="unknown" />
    <property name="java.io.tmpdir" value="/tmp" />
    <property name="java.vendor.url.bug" value="http://java.sun.com/cgi-bin/bugreport.cgi" />
    <property name="os.arch" value="i386" />
    <property name="java.awt.graphicsenv" value="sun.awt.X11GraphicsEnvironment" />
    <property name="java.ext.dirs" value="/usr/lib/jvm/java-1.6.0-openjdk-1.6.0.0/jre/lib/ext:/usr/java/packages/lib/ext" />
    <property name="user.dir" value="/cs/student/jkfett/MealCraft" />
    <property name="line.separator" value="&#xa;" />
    <property name="java.vm.name" value="OpenJDK Server VM" />
    <property name="basedir" value="/cs/student/jkfett/MealCraft" />
    <property name="ant.java.version" value="1.6" />
    <property name="ant.core.lib" value="/usr/share/java/ant.jar" />
    <property name="file.encoding" value="UTF-8" />
    <property name="java.specification.version" value="1.6" />
    <property name="ant.project.invoked-targets" value="test" />
  </properties>
  <testcase classname="IngredientDbTester" name="testAdd1" time="0.061" />
  <testcase classname="IngredientDbTester" name="testAdd2" time="0.007" />
  <testcase classname="IngredientDbTester" name="testAdd3" time="0.007" />
  <testcase classname="IngredientDbTester" name="testAdd4" time="0.011" />
  <testcase classname="IngredientDbTester" name="testSetQuantity1" time="0.02" />
  <testcase classname="IngredientDbTester" name="testSetQuantity2" time="0.02" />
  <testcase classname="IngredientDbTester" name="testprintAll" time="0.012">
    <failure message="expected:&lt;[1 bacon 54 54.0 1&#xa;1 potatoes 20 20.0 1]&#xa;&gt; but was:&lt;[bananna -42 54.0 -42.0 &#xa;bacon -42 -42.0 3.0 lbs&#xa;pork 54 -42.0 32.0 cups&#xa;beer 54 54.0 1.0 liter]&#xa;&gt;" type="junit.framework.ComparisonFailure">junit.framework.ComparisonFailure: expected:&lt;[1 bacon 54 54.0 1
1 potatoes 20 20.0 1]
&gt; but was:&lt;[bananna -42 54.0 -42.0 
bacon -42 -42.0 3.0 lbs
pork 54 -42.0 32.0 cups
beer 54 54.0 1.0 liter]
&gt;
	at IngredientDbTester.testprintAll(Unknown Source)
</failure>
  </testcase>
  <system-out><![CDATA[]]></system-out>
  <system-err><![CDATA[]]></system-err>
</testsuite>
