<?xml version="1.0" encoding="UTF-8" ?>
<testsuite errors="0" failures="1" hostname="ubuntu" name="IngredientDbTester" tests="6" time="0.111" timestamp="2012-02-19T03:58:56">
  <properties>
    <property name="java.vendor" value="Sun Microsystems Inc." />
    <property name="sun.java.launcher" value="SUN_STANDARD" />
    <property name="sun.management.compiler" value="HotSpot Client Compiler" />
    <property name="dist" value="/home/jason/MealCraft/dist" />
    <property name="lib" value="/home/jason/MealCraft/lib" />
    <property name="os.name" value="Linux" />
    <property name="sun.boot.class.path" value="/usr/lib/jvm/java-6-openjdk/jre/lib/resources.jar:/usr/lib/jvm/java-6-openjdk/jre/lib/rt.jar:/usr/lib/jvm/java-6-openjdk/jre/lib/sunrsasign.jar:/usr/lib/jvm/java-6-openjdk/jre/lib/jsse.jar:/usr/lib/jvm/java-6-openjdk/jre/lib/jce.jar:/usr/lib/jvm/java-6-openjdk/jre/lib/charsets.jar:/usr/lib/jvm/java-6-openjdk/jre/lib/netx.jar:/usr/lib/jvm/java-6-openjdk/jre/lib/plugin.jar:/usr/lib/jvm/java-6-openjdk/jre/lib/rhino.jar:/usr/lib/jvm/java-6-openjdk/jre/lib/modules/jdk.boot.jar:/usr/lib/jvm/java-6-openjdk/jre/classes" />
    <property name="TODAY" value="February 18 2012" />
    <property name="java.vm.specification.vendor" value="Sun Microsystems Inc." />
    <property name="ant.home" value="/usr/share/ant" />
    <property name="java.runtime.version" value="1.6.0_23-b23" />
    <property name="ant.file.SampleJUnitTests" value="/home/jason/MealCraft/build.xml" />
    <property name="user.name" value="jason" />
    <property name="reports" value="/home/jason/MealCraft/reports" />
    <property name="user.language" value="en" />
    <property name="build" value="/home/jason/MealCraft/bin" />
    <property name="sun.boot.library.path" value="/usr/lib/jvm/java-6-openjdk/jre/lib/i386" />
    <property name="ant.project.default-target" value="dist" />
    <property name="ant.project.name" value="SampleJUnitTests" />
    <property name="DSTAMP" value="20120218" />
    <property name="java.version" value="1.6.0_23" />
    <property name="user.timezone" value="" />
    <property name="sun.arch.data.model" value="32" />
    <property name="java.endorsed.dirs" value="/usr/lib/jvm/java-6-openjdk/jre/lib/endorsed" />
    <property name="sun.cpu.isalist" value="" />
    <property name="sun.jnu.encoding" value="UTF-8" />
    <property name="file.encoding.pkg" value="sun.io" />
    <property name="file.separator" value="/" />
    <property name="java.specification.name" value="Java Platform API Specification" />
    <property name="java.class.version" value="50.0" />
    <property name="src" value="/home/jason/MealCraft/src" />
    <property name="ant.file.type.SampleJUnitTests" value="file" />
    <property name="user.country" value="US" />
    <property name="java.home" value="/usr/lib/jvm/java-6-openjdk/jre" />
    <property name="java.vm.info" value="mixed mode, sharing" />
    <property name="main-class" value="Brain" />
    <property name="ant.file" value="/home/jason/MealCraft/build.xml" />
    <property name="os.version" value="3.0.0-14-generic" />
    <property name="res" value="/home/jason/MealCraft/res" />
    <property name="project_name" value="MealCraft" />
    <property name="path.separator" value=":" />
    <property name="java.vm.version" value="20.0-b11" />
    <property name="ant.library.dir" value="/usr/share/ant/lib" />
    <property name="java.awt.printerjob" value="sun.print.PSPrinterJob" />
    <property name="sun.io.unicode.encoding" value="UnicodeLittle" />
    <property name="user.home" value="/home/jason" />
    <property name="java.specification.vendor" value="Sun Microsystems Inc." />
    <property name="java.library.path" value="/usr/lib/jvm/java-6-openjdk/jre/lib/i386/client:/usr/lib/jvm/java-6-openjdk/jre/lib/i386:/usr/lib/jvm/java-6-openjdk/jre/../lib/i386:/usr/java/packages/lib/i386:/usr/lib/jni:/lib:/usr/lib" />
    <property name="java.vendor.url" value="http://java.sun.com/" />
    <property name="java.vm.vendor" value="Sun Microsystems Inc." />
    <property name="java.runtime.name" value="OpenJDK Runtime Environment" />
    <property name="sun.java.command" value="org.apache.tools.ant.taskdefs.optional.junit.JUnitTestRunner IngredientDbTester filtertrace=true haltOnError=false haltOnFailure=false formatter=org.apache.tools.ant.taskdefs.optional.junit.SummaryJUnitResultFormatter showoutput=true outputtoformatters=true logfailedtests=true logtestlistenerevents=false formatter=org.apache.tools.ant.taskdefs.optional.junit.XMLJUnitResultFormatter,/home/jason/MealCraft/reports/raw/TEST-IngredientDbTester.xml crashfile=/home/jason/MealCraft/junitvmwatcher1453119388189521619.properties propsfile=/home/jason/MealCraft/junit7650140259621438342.properties" />
    <property name="java.class.path" value="/home/jason/MealCraft/bin:/home/jason/MealCraft/lib/junit-4.10.jar:/home/jason/MealCraft/lib/sqlitejdbc-v056.jar:/usr/share/ant/lib/junit.jar:/usr/share/java/ant-launcher-1.8.2.jar:/usr/share/ant/lib/ant.jar:/usr/share/ant/lib/ant-junit.jar" />
    <property name="ant.version" value="Apache Ant(TM) version 1.8.2 compiled on August 19 2011" />
    <property name="jar_name" value="MealCraft.jar" />
    <property name="TSTAMP" value="1958" />
    <property name="war_name" value="MealCraft.war" />
    <property name="java.vm.specification.name" value="Java Virtual Machine Specification" />
    <property name="ant.file.type" value="file" />
    <property name="java.vm.specification.version" value="1.0" />
    <property name="sun.cpu.endian" value="little" />
    <property name="sun.os.patch.level" value="unknown" />
    <property name="java.io.tmpdir" value="/tmp" />
    <property name="java.vendor.url.bug" value="http://java.sun.com/cgi-bin/bugreport.cgi" />
    <property name="os.arch" value="i386" />
    <property name="java.awt.graphicsenv" value="sun.awt.X11GraphicsEnvironment" />
    <property name="java.ext.dirs" value="/usr/lib/jvm/java-6-openjdk/jre/lib/ext:/usr/java/packages/lib/ext" />
    <property name="user.dir" value="/home/jason/MealCraft" />
    <property name="line.separator" value="&#xa;" />
    <property name="java.vm.name" value="OpenJDK Client VM" />
    <property name="basedir" value="/home/jason/MealCraft" />
    <property name="ant.java.version" value="1.6" />
    <property name="ant.core.lib" value="/usr/share/ant/lib/ant.jar" />
    <property name="file.encoding" value="UTF-8" />
    <property name="java.specification.version" value="1.6" />
    <property name="ant.project.invoked-targets" value="test" />
  </properties>
  <testcase classname="IngredientDbTester" name="testAdd1" time="0.034" />
  <testcase classname="IngredientDbTester" name="testAdd2" time="0.0" />
  <testcase classname="IngredientDbTester" name="testAdd3" time="0.001" />
  <testcase classname="IngredientDbTester" name="testAdd4" time="0.002" />
  <testcase classname="IngredientDbTester" name="testSetQuantity1" time="0.031" />
  <testcase classname="IngredientDbTester" name="testprintAll" time="0.005">
    <failure message="expected:&lt;[1 bacon 54 54.0 1&#xa;1 potatoes 20 20].0 1&#xa;&gt; but was:&lt;[bacon -42 -42.0 2&#xa;bananna -42 54.0 1&#xa;pork 54 -42.0 32&#xa;beer 54 54].0 1&#xa;&gt;" type="junit.framework.ComparisonFailure">junit.framework.ComparisonFailure: expected:&lt;[1 bacon 54 54.0 1
1 potatoes 20 20].0 1
&gt; but was:&lt;[bacon -42 -42.0 2
bananna -42 54.0 1
pork 54 -42.0 32
beer 54 54].0 1
&gt;
	at IngredientDbTester.testprintAll(Unknown Source)
</failure>
  </testcase>
  <system-out><![CDATA[]]></system-out>
  <system-err><![CDATA[]]></system-err>
</testsuite>
